<?xml version="1.0" encoding="UTF-8"?>
<testng-results ignored="0" total="3" passed="3" failed="0" skipped="0">
  <reporter-output>
  </reporter-output>
  <suite started-at="2024-01-30T11:48:07 IST" name="TestNG Parameters Suite" finished-at="2024-01-30T11:49:06 IST" duration-ms="59566">
    <groups>
    </groups>
    <test started-at="2024-01-30T11:48:07 IST" name="Testclass" finished-at="2024-01-30T11:49:06 IST" duration-ms="59566">
      <class name="qtriptest.tests.testCase_01">
        <test-method is-config="true" signature="createDriver()[pri:0, instance:qtriptest.tests.testCase_01@28261e8e]" started-at="2024-01-30T11:48:04 IST" name="createDriver" finished-at="2024-01-30T11:48:07 IST" duration-ms="2611" status="PASS">
          <reporter-output>
          </reporter-output>
        </test-method> <!-- createDriver -->
        <test-method signature="TestCase01(java.lang.String,java.lang.String)[pri:0, instance:qtriptest.tests.testCase_01@28261e8e]" started-at="2024-01-30T11:48:08 IST" name="TestCase01" description="Verify the - Testcase 01" data-provider="userOnboard" finished-at="2024-01-30T11:48:27 IST" duration-ms="19439" status="PASS">
          <params>
            <param index="0">
              <value>
                <![CDATA[testuser@gmail.com]]>
              </value>
            </param>
            <param index="1">
              <value>
                <![CDATA[abc@123]]>
              </value>
            </param>
          </params>
          <reporter-output>
          </reporter-output>
        </test-method> <!-- TestCase01 -->
        <test-method signature="TestCase01(java.lang.String,java.lang.String)[pri:0, instance:qtriptest.tests.testCase_01@28261e8e]" started-at="2024-01-30T11:48:27 IST" name="TestCase01" description="Verify the - Testcase 01" data-provider="userOnboard" finished-at="2024-01-30T11:48:46 IST" duration-ms="18968" status="PASS">
          <params>
            <param index="0">
              <value>
                <![CDATA[TESTUSER@gmail.com]]>
              </value>
            </param>
            <param index="1">
              <value>
                <![CDATA[123456.0]]>
              </value>
            </param>
          </params>
          <reporter-output>
          </reporter-output>
        </test-method> <!-- TestCase01 -->
        <test-method signature="TestCase01(java.lang.String,java.lang.String)[pri:0, instance:qtriptest.tests.testCase_01@28261e8e]" started-at="2024-01-30T11:48:46 IST" name="TestCase01" description="Verify the - Testcase 01" data-provider="userOnboard" finished-at="2024-01-30T11:49:06 IST" duration-ms="19574" status="PASS">
          <params>
            <param index="0">
              <value>
                <![CDATA[123_USER_low@gmail.com]]>
              </value>
            </param>
            <param index="1">
              <value>
                <![CDATA[QWERTY!!!!]]>
              </value>
            </param>
          </params>
          <reporter-output>
          </reporter-output>
        </test-method> <!-- TestCase01 -->
        <test-method is-config="true" signature="quitDriver()[pri:0, instance:qtriptest.tests.testCase_01@28261e8e]" started-at="2024-01-30T11:49:06 IST" name="quitDriver" finished-at="2024-01-30T11:49:06 IST" duration-ms="119" status="PASS">
          <reporter-output>
          </reporter-output>
        </test-method> <!-- quitDriver -->
      </class> <!-- qtriptest.tests.testCase_01 -->
    </test> <!-- Testclass -->
  </suite> <!-- TestNG Parameters Suite -->
</testng-results>
